0 info it worked if it ends with ok
1 verbose cli [ 'C:\\Program Files\\nodejs\\node.exe',
1 verbose cli   'C:\\Program Files\\nodejs\\node_modules\\npm\\bin\\npm-cli.js',
1 verbose cli   'run',
1 verbose cli   'lint' ]
2 info using npm@3.10.8
3 info using node@v6.9.1
4 verbose run-script [ 'prelint', 'lint', 'postlint' ]
5 info lifecycle lokaverkefni-vefforitun@0.0.1~prelint: lokaverkefni-vefforitun@0.0.1
6 silly lifecycle lokaverkefni-vefforitun@0.0.1~prelint: no script for prelint, continuing
7 info lifecycle lokaverkefni-vefforitun@0.0.1~lint: lokaverkefni-vefforitun@0.0.1
8 verbose lifecycle lokaverkefni-vefforitun@0.0.1~lint: unsafe-perm in lifecycle true
9 verbose lifecycle lokaverkefni-vefforitun@0.0.1~lint: PATH: C:\Program Files\nodejs\node_modules\npm\bin\node-gyp-bin;C:\Users\Ketill\Documents\GitHub\Lokaverkefni-vefforitun\node_modules\.bin;C:\OCaml\bin;C:\ProgramData\Oracle\Java\javapath;C:\WINDOWS\system32;C:\WINDOWS;C:\WINDOWS\System32\Wbem;C:\WINDOWS\System32\WindowsPowerShell\v1.0\;C:\sqlite;C:\Program Files\Java\jdk1.8.0_60\bin;C:\CamlLight\bin;C:\Program Files\nodejs\;C:\Program Files (x86)\Heroku\bin;C:\Program Files (x86)\git\cmd;C:\Program Files (x86)\Git\cmd;C:\Users\Ketill\AppData\Local\Programs\Python\Python35-32\Scripts\;C:\Users\Ketill\AppData\Local\Programs\Python\Python35-32\;C:\Users\Ketill\AppData\Local\Programs\minghc-7.10.2-x86_64\switch;C:\Users\Ketill\AppData\Local\Programs\minghc-7.10.2-x86_64\git-2.4.5.1\cmd;C:\Users\Ketill\AppData\Local\Programs\minghc-7.10.2-x86_64\git-2.4.5.1\usr\bin;C:\Users\Ketill\AppData\Local\Programs\minghc-7.10.2-x86_64\ghc-7.10.2\mingw\bin;C:\Users\Ketill\AppData\Local\Programs\minghc-7.10.2-x86_64\ghc-7.10.2\bin;C:\Users\Ketill\AppData\Local\Programs\minghc-7.10.2-x86_64\bin;C:\Users\Ketill\AppData\Roaming\cabal\bin;C:\Users\Ketill\AppData\Roaming\local\bin;C:\Users\Ketill\AppData\Local\Microsoft\WindowsApps;C:\Users\Ketill\AppData\Local\atom\bin;C:\Users\Ketill\AppData\Roaming\npm
10 verbose lifecycle lokaverkefni-vefforitun@0.0.1~lint: CWD: C:\Users\Ketill\Documents\GitHub\Lokaverkefni-vefforitun
11 silly lifecycle lokaverkefni-vefforitun@0.0.1~lint: Args: [ '/d /s /c',
11 silly lifecycle   'node ./node_modules/eslint/bin/eslint.js ./routes/*.js ./public/javascripts/*.js ./*js' ]
12 silly lifecycle lokaverkefni-vefforitun@0.0.1~lint: Returned: code: 1  signal: null
13 info lifecycle lokaverkefni-vefforitun@0.0.1~lint: Failed to exec lint script
14 verbose stack Error: lokaverkefni-vefforitun@0.0.1 lint: `node ./node_modules/eslint/bin/eslint.js ./routes/*.js ./public/javascripts/*.js ./*js`
14 verbose stack Exit status 1
14 verbose stack     at EventEmitter.<anonymous> (C:\Program Files\nodejs\node_modules\npm\lib\utils\lifecycle.js:255:16)
14 verbose stack     at emitTwo (events.js:106:13)
14 verbose stack     at EventEmitter.emit (events.js:191:7)
14 verbose stack     at ChildProcess.<anonymous> (C:\Program Files\nodejs\node_modules\npm\lib\utils\spawn.js:40:14)
14 verbose stack     at emitTwo (events.js:106:13)
14 verbose stack     at ChildProcess.emit (events.js:191:7)
14 verbose stack     at maybeClose (internal/child_process.js:877:16)
14 verbose stack     at Process.ChildProcess._handle.onexit (internal/child_process.js:226:5)
15 verbose pkgid lokaverkefni-vefforitun@0.0.1
16 verbose cwd C:\Users\Ketill\Documents\GitHub\Lokaverkefni-vefforitun
17 error Windows_NT 10.0.14393
18 error argv "C:\\Program Files\\nodejs\\node.exe" "C:\\Program Files\\nodejs\\node_modules\\npm\\bin\\npm-cli.js" "run" "lint"
19 error node v6.9.1
20 error npm  v3.10.8
21 error code ELIFECYCLE
22 error lokaverkefni-vefforitun@0.0.1 lint: `node ./node_modules/eslint/bin/eslint.js ./routes/*.js ./public/javascripts/*.js ./*js`
22 error Exit status 1
23 error Failed at the lokaverkefni-vefforitun@0.0.1 lint script 'node ./node_modules/eslint/bin/eslint.js ./routes/*.js ./public/javascripts/*.js ./*js'.
23 error Make sure you have the latest version of node.js and npm installed.
23 error If you do, this is most likely a problem with the lokaverkefni-vefforitun package,
23 error not with npm itself.
23 error Tell the author that this fails on your system:
23 error     node ./node_modules/eslint/bin/eslint.js ./routes/*.js ./public/javascripts/*.js ./*js
23 error You can get information on how to open an issue for this project with:
23 error     npm bugs lokaverkefni-vefforitun
23 error Or if that isn't available, you can get their info via:
23 error     npm owner ls lokaverkefni-vefforitun
23 error There is likely additional logging output above.
24 verbose exit [ 1, true ]
